<?xml version="1.0" encoding="UTF-8"?>
<!-- Generated by org.testng.reporters.JUnitXMLReporter -->
<testsuite ignored="0" hostname="LAPTOP-77VOHV49" failures="0" tests="3" name="Test" time="41.214" errors="0" timestamp="2025-03-22T15:26:28 IST">
  <testcase classname="tests.InvalidLoginData" name="testInvalidLogin" time="4.82"/>
  <testcase classname="tests.InvalidLoginData" name="testInvalidLogin" time="4.621"/>
  <testcase classname="tests.InvalidLoginData" name="testInvalidLogin" time="5.333"/>
</testsuite> <!-- Test -->
