<?xml version="1.0" encoding="UTF-8"?>
<testng-results ignored="0" total="1" passed="1" failed="0" skipped="0">
  <reporter-output>
  </reporter-output>
  <suite started-at="2025-03-26T12:51:09 IST" name="Suite" finished-at="2025-03-26T12:51:54 IST" duration-ms="45162">
    <groups>
    </groups>
    <test started-at="2025-03-26T12:51:09 IST" name="Test" finished-at="2025-03-26T12:51:54 IST" duration-ms="45162">
      <class name="tests.CartTest1">
        <test-method is-config="true" signature="setUp(java.lang.String)[pri:0, instance:tests.CartTest1@6c4906d3]" started-at="2025-03-26T12:51:09 IST" name="setUp" finished-at="2025-03-26T12:51:14 IST" duration-ms="4694" status="PASS">
          <params>
            <param index="0">
              <value>
                <![CDATA[chrome]]>
              </value>
            </param>
          </params>
          <reporter-output>
          </reporter-output>
        </test-method> <!-- setUp -->
        <test-method signature="testingthecart()[pri:2, instance:tests.CartTest1@6c4906d3]" started-at="2025-03-26T12:51:14 IST" name="testingthecart" finished-at="2025-03-26T12:51:53 IST" duration-ms="39751" status="PASS">
          <reporter-output>
          </reporter-output>
        </test-method> <!-- testingthecart -->
        <test-method is-config="true" signature="closeDownbrowser()[pri:0, instance:tests.CartTest1@6c4906d3]" started-at="2025-03-26T12:51:53 IST" name="closeDownbrowser" finished-at="2025-03-26T12:51:54 IST" duration-ms="605" status="PASS">
          <reporter-output>
          </reporter-output>
        </test-method> <!-- closeDownbrowser -->
      </class> <!-- tests.CartTest1 -->
    </test> <!-- Test -->
  </suite> <!-- Suite -->
</testng-results>
