<?xml version="1.0" encoding="UTF-8"?>
<testng-results ignored="0" total="3" passed="3" failed="0" skipped="0">
  <reporter-output>
  </reporter-output>
  <suite started-at="2025-03-22T15:25:46 IST" name="Suite" finished-at="2025-03-22T15:26:28 IST" duration-ms="41214">
    <groups>
    </groups>
    <test started-at="2025-03-22T15:25:46 IST" name="Test" finished-at="2025-03-22T15:26:28 IST" duration-ms="41214">
      <class name="tests.InvalidLoginData">
        <test-method is-config="true" signature="setUp()[pri:0, instance:tests.InvalidLoginData@36bc55de]" started-at="2025-03-22T15:25:47 IST" name="setUp" finished-at="2025-03-22T15:25:59 IST" duration-ms="11815" status="PASS">
          <reporter-output>
          </reporter-output>
        </test-method> <!-- setUp -->
        <test-method signature="testInvalidLogin(java.lang.String,java.lang.String)[pri:0, instance:tests.InvalidLoginData@36bc55de]" started-at="2025-03-22T15:25:59 IST" name="testInvalidLogin" data-provider="InvalidCredentialsProvider" finished-at="2025-03-22T15:26:04 IST" duration-ms="4820" status="PASS">
          <params>
            <param index="0">
              <value>
                <![CDATA[invalid1@gmail.com]]>
              </value>
            </param>
            <param index="1">
              <value>
                <![CDATA[1234]]>
              </value>
            </param>
          </params>
          <reporter-output>
          </reporter-output>
        </test-method> <!-- testInvalidLogin -->
        <test-method is-config="true" signature="tearDown()[pri:0, instance:tests.InvalidLoginData@36bc55de]" started-at="2025-03-22T15:26:04 IST" name="tearDown" finished-at="2025-03-22T15:26:04 IST" duration-ms="218" status="PASS">
          <reporter-output>
          </reporter-output>
        </test-method> <!-- tearDown -->
        <test-method is-config="true" signature="setUp()[pri:0, instance:tests.InvalidLoginData@36bc55de]" started-at="2025-03-22T15:26:04 IST" name="setUp" finished-at="2025-03-22T15:26:10 IST" duration-ms="6393" status="PASS">
          <reporter-output>
          </reporter-output>
        </test-method> <!-- setUp -->
        <test-method signature="testInvalidLogin(java.lang.String,java.lang.String)[pri:0, instance:tests.InvalidLoginData@36bc55de]" started-at="2025-03-22T15:26:10 IST" name="testInvalidLogin" data-provider="InvalidCredentialsProvider" finished-at="2025-03-22T15:26:15 IST" duration-ms="4621" status="PASS">
          <params>
            <param index="0">
              <value>
                <![CDATA[]]>
              </value>
            </param>
            <param index="1">
              <value>
                <![CDATA[12345]]>
              </value>
            </param>
          </params>
          <reporter-output>
          </reporter-output>
        </test-method> <!-- testInvalidLogin -->
        <test-method is-config="true" signature="tearDown()[pri:0, instance:tests.InvalidLoginData@36bc55de]" started-at="2025-03-22T15:26:15 IST" name="tearDown" finished-at="2025-03-22T15:26:15 IST" duration-ms="277" status="PASS">
          <reporter-output>
          </reporter-output>
        </test-method> <!-- tearDown -->
        <test-method is-config="true" signature="setUp()[pri:0, instance:tests.InvalidLoginData@36bc55de]" started-at="2025-03-22T15:26:15 IST" name="setUp" finished-at="2025-03-22T15:26:22 IST" duration-ms="6616" status="PASS">
          <reporter-output>
          </reporter-output>
        </test-method> <!-- setUp -->
        <test-method signature="testInvalidLogin(java.lang.String,java.lang.String)[pri:0, instance:tests.InvalidLoginData@36bc55de]" started-at="2025-03-22T15:26:22 IST" name="testInvalidLogin" data-provider="InvalidCredentialsProvider" finished-at="2025-03-22T15:26:27 IST" duration-ms="5333" status="PASS">
          <params>
            <param index="0">
              <value>
                <![CDATA[invalid2@gmail.com]]>
              </value>
            </param>
            <param index="1">
              <value>
                <![CDATA[]]>
              </value>
            </param>
          </params>
          <reporter-output>
          </reporter-output>
        </test-method> <!-- testInvalidLogin -->
        <test-method is-config="true" signature="tearDown()[pri:0, instance:tests.InvalidLoginData@36bc55de]" started-at="2025-03-22T15:26:27 IST" name="tearDown" finished-at="2025-03-22T15:26:28 IST" duration-ms="348" status="PASS">
          <reporter-output>
          </reporter-output>
        </test-method> <!-- tearDown -->
      </class> <!-- tests.InvalidLoginData -->
    </test> <!-- Test -->
  </suite> <!-- Suite -->
</testng-results>
