<?xml version="1.0" encoding="UTF-8"?>
<!-- Generated by org.testng.reporters.JUnitXMLReporter -->
<testsuite ignored="0" hostname="LAPTOP-77VOHV49" failures="1" tests="1" name="LoginTest" time="15.485" errors="0" timestamp="2025-03-20T11:55:22 IST">
  <testcase classname="tests.LoginPageTest" name="@AfterTest closeBrowser" time="0.007">
    <failure type="java.lang.StackOverflowError">
      <![CDATA[java.lang.StackOverflowError
at tests.LoginPageTest.closeBrowser(LoginPageTest.java:53)
at tests.LoginPageTest.closeBrowser(LoginPageTest.java:53)
at tests.LoginPageTest.closeBrowser(LoginPageTest.java:53)
at tests.LoginPageTest.closeBrowser(LoginPageTest.java:53)
at tests.LoginPageTest.closeBrowser(LoginPageTest.java:53)
at tests.LoginPageTest.closeBrowser(LoginPageTest.java:53)
at tests.LoginPageTest.closeBrowser(LoginPageTest.java:53)
at tests.LoginPageTest.closeBrowser(LoginPageTest.java:53)
at tests.LoginPageTest.closeBrowser(LoginPageTest.java:53)
at tests.LoginPageTest.closeBrowser(LoginPageTest.java:53)
at tests.LoginPageTest.closeBrowser(LoginPageTest.java:53)
at tests.LoginPageTest.closeBrowser(LoginPageTest.java:53)
at tests.LoginPageTest.closeBrowser(LoginPageTest.java:53)
at tests.LoginPageTest.closeBrowser(LoginPageTest.java:53)
at tests.LoginPageTest.closeBrowser(LoginPageTest.java:53)
at tests.LoginPageTest.closeBrowser(LoginPageTest.java:53)
at tests.LoginPageTest.closeBrowser(LoginPageTest.java:53)
at tests.LoginPageTest.closeBrowser(LoginPageTest.java:53)
at tests.LoginPageTest.closeBrowser(LoginPageTest.java:53)
at tests.LoginPageTest.closeBrowser(LoginPageTest.java:53)
at tests.LoginPageTest.closeBrowser(LoginPageTest.java:53)
at tests.LoginPageTest.closeBrowser(LoginPageTest.java:53)
at tests.LoginPageTest.closeBrowser(LoginPageTest.java:53)
at tests.LoginPageTest.closeBrowser(LoginPageTest.java:53)
at tests.LoginPageTest.closeBrowser(LoginPageTest.java:53)
at tests.LoginPageTest.closeBrowser(LoginPageTest.java:53)
at tests.LoginPageTest.closeBrowser(LoginPageTest.java:53)
at tests.LoginPageTest.closeBrowser(LoginPageTest.java:53)
at tests.LoginPageTest.closeBrowser(LoginPageTest.java:53)
at tests.LoginPageTest.closeBrowser(LoginPageTest.java:53)
at tests.LoginPageTest.closeBrowser(LoginPageTest.java:53)
at tests.LoginPageTest.closeBrowser(LoginPageTest.java:53)
at tests.LoginPageTest.closeBrowser(LoginPageTest.java:53)
at tests.LoginPageTest.closeBrowser(LoginPageTest.java:53)
at tests.LoginPageTest.closeBrowser(LoginPageTest.java:53)
at tests.LoginPageTest.closeBrowser(LoginPageTest.java:53)
at tests.LoginPageTest.closeBrowser(LoginPageTest.java:53)
at tests.LoginPageTest.closeBrowser(LoginPageTest.java:53)
at tests.LoginPageTest.closeBrowser(LoginPageTest.java:53)
at tests.LoginPageTest.closeBrowser(LoginPageTest.java:53)
at tests.LoginPageTest.closeBrowser(LoginPageTest.java:53)
at tests.LoginPageTest.closeBrowser(LoginPageTest.java:53)
at tests.LoginPageTest.closeBrowser(LoginPageTest.java:53)
at tests.LoginPageTest.closeBrowser(LoginPageTest.java:53)
at tests.LoginPageTest.closeBrowser(LoginPageTest.java:53)
at tests.LoginPageTest.closeBrowser(LoginPageTest.java:53)
at tests.LoginPageTest.closeBrowser(LoginPageTest.java:53)
at tests.LoginPageTest.closeBrowser(LoginPageTest.java:53)
at tests.LoginPageTest.closeBrowser(LoginPageTest.java:53)
at tests.LoginPageTest.closeBrowser(LoginPageTest.java:53)
at tests.LoginPageTest.closeBrowser(LoginPageTest.java:53)
at tests.LoginPageTest.closeBrowser(LoginPageTest.java:53)
at tests.LoginPageTest.closeBrowser(LoginPageTest.java:53)
at tests.LoginPageTest.closeBrowser(LoginPageTest.java:53)
at tests.LoginPageTest.closeBrowser(LoginPageTest.java:53)
at tests.LoginPageTest.closeBrowser(LoginPageTest.java:53)
at tests.LoginPageTest.closeBrowser(LoginPageTest.java:53)
at tests.LoginPageTest.closeBrowser(LoginPageTest.java:53)
at tests.LoginPageTest.closeBrowser(LoginPageTest.java:53)
at tests.LoginPageTest.closeBrowser(LoginPageTest.java:53)
at tests.LoginPageTest.closeBrowser(LoginPageTest.java:53)
at tests.LoginPageTest.closeBrowser(LoginPageTest.java:53)
at tests.LoginPageTest.closeBrowser(LoginPageTest.java:53)
at tests.LoginPageTest.closeBrowser(LoginPageTest.java:53)
at tests.LoginPageTest.closeBrowser(LoginPageTest.java:53)
at tests.LoginPageTest.closeBrowser(LoginPageTest.java:53)
at tests.LoginPageTest.closeBrowser(LoginPageTest.java:53)
at tests.LoginPageTest.closeBrowser(LoginPageTest.java:53)
at tests.LoginPageTest.closeBrowser(LoginPageTest.java:53)
at tests.LoginPageTest.closeBrowser(LoginPageTest.java:53)
at tests.LoginPageTest.closeBrowser(LoginPageTest.java:53)
at tests.LoginPageTest.closeBrowser(LoginPageTest.java:53)
at tests.LoginPageTest.closeBrowser(LoginPageTest.java:53)
at tests.LoginPageTest.closeBrowser(LoginPageTest.java:53)
at tests.LoginPageTest.closeBrowser(LoginPageTest.java:53)
at tests.LoginPageTest.closeBrowser(LoginPageTest.java:53)
at tests.LoginPageTest.closeBrowser(LoginPageTest.java:53)
at tests.LoginPageTest.closeBrowser(LoginPageTest.java:53)
at tests.LoginPageTest.closeBrowser(LoginPageTest.java:53)
at tests.LoginPageTest.closeBrowser(LoginPageTest.java:53)
at tests.LoginPageTest.closeBrowser(LoginPageTest.java:53)
at tests.LoginPageTest.closeBrowser(LoginPageTest.java:53)
at tests.LoginPageTest.closeBrowser(LoginPageTest.java:53)
at tests.LoginPageTest.closeBrowser(LoginPageTest.java:53)
at tests.LoginPageTest.closeBrowser(LoginPageTest.java:53)
at tests.LoginPageTest.closeBrowser(LoginPageTest.java:53)
at tests.LoginPageTest.closeBrowser(LoginPageTest.java:53)
at tests.LoginPageTest.closeBrowser(LoginPageTest.java:53)
at tests.LoginPageTest.closeBrowser(LoginPageTest.java:53)
at tests.LoginPageTest.closeBrowser(LoginPageTest.java:53)
at tests.LoginPageTest.closeBrowser(LoginPageTest.java:53)
at tests.LoginPageTest.closeBrowser(LoginPageTest.java:53)
at tests.LoginPageTest.closeBrowser(LoginPageTest.java:53)
at tests.LoginPageTest.closeBrowser(LoginPageTest.java:53)
at tests.LoginPageTest.closeBrowser(LoginPageTest.java:53)
at tests.LoginPageTest.closeBrowser(LoginPageTest.java:53)
at tests.LoginPageTest.closeBrowser(LoginPageTest.java:53)
at tests.LoginPageTest.closeBrowser(LoginPageTest.java:53)
at tests.LoginPageTest.closeBrowser(LoginPageTest.java:53)
at tests.LoginPageTest.closeBrowser(LoginPageTest.java:53)
at tests.LoginPageTest.closeBrowser(LoginPageTest.java:53)
at tests.LoginPageTest.closeBrowser(LoginPageTest.java:53)
at tests.LoginPageTest.closeBrowser(LoginPageTest.java:53)
at tests.LoginPageTest.closeBrowser(LoginPageTest.java:53)
at tests.LoginPageTest.closeBrowser(LoginPageTest.java:53)
at tests.LoginPageTest.closeBrowser(LoginPageTest.java:53)
at tests.LoginPageTest.closeBrowser(LoginPageTest.java:53)
at tests.LoginPageTest.closeBrowser(LoginPageTest.java:53)
at tests.LoginPageTest.closeBrowser(LoginPageTest.java:53)
at tests.LoginPageTest.closeBrowser(LoginPageTest.java:53)
at tests.LoginPageTest.closeBrowser(LoginPageTest.java:53)
at tests.LoginPageTest.closeBrowser(LoginPageTest.java:53)
at tests.LoginPageTest.closeBrowser(LoginPageTest.java:53)
at tests.LoginPageTest.closeBrowser(LoginPageTest.java:53)
at tests.LoginPageTest.closeBrowser(LoginPageTest.java:53)
at tests.LoginPageTest.closeBrowser(LoginPageTest.java:53)
at tests.LoginPageTest.closeBrowser(LoginPageTest.java:53)
at tests.LoginPageTest.closeBrowser(LoginPageTest.java:53)
at tests.LoginPageTest.closeBrowser(LoginPageTest.java:53)
at tests.LoginPageTest.closeBrowser(LoginPageTest.java:53)
at tests.LoginPageTest.closeBrowser(LoginPageTest.java:53)
at tests.LoginPageTest.closeBrowser(LoginPageTest.java:53)
at tests.LoginPageTest.closeBrowser(LoginPageTest.java:53)
at tests.LoginPageTest.closeBrowser(LoginPageTest.java:53)
at tests.LoginPageTest.closeBrowser(LoginPageTest.java:53)
at tests.LoginPageTest.closeBrowser(LoginPageTest.java:53)
at tests.LoginPageTest.closeBrowser(LoginPageTest.java:53)
at tests.LoginPageTest.closeBrowser(LoginPageTest.java:53)
at tests.LoginPageTest.closeBrowser(LoginPageTest.java:53)
at tests.LoginPageTest.closeBrowser(LoginPageTest.java:53)
at tests.LoginPageTest.closeBrowser(LoginPageTest.java:53)
at tests.LoginPageTest.closeBrowser(LoginPageTest.java:53)
at tests.LoginPageTest.closeBrowser(LoginPageTest.java:53)
at tests.LoginPageTest.closeBrowser(LoginPageTest.java:53)
at tests.LoginPageTest.closeBrowser(LoginPageTest.java:53)
at tests.LoginPageTest.closeBrowser(LoginPageTest.java:53)
at tests.LoginPageTest.closeBrowser(LoginPageTest.java:53)
at tests.LoginPageTest.closeBrowser(LoginPageTest.java:53)
at tests.LoginPageTest.closeBrowser(LoginPageTest.java:53)
at tests.LoginPageTest.closeBrowser(LoginPageTest.java:53)
at tests.LoginPageTest.closeBrowser(LoginPageTest.java:53)
at tests.LoginPageTest.closeBrowser(LoginPageTest.java:53)
at tests.LoginPageTest.closeBrowser(LoginPageTest.java:53)
at tests.LoginPageTest.closeBrowser(LoginPageTest.java:53)
at tests.LoginPageTest.closeBrowser(LoginPageTest.java:53)
at tests.LoginPageTest.closeBrowser(LoginPageTest.java:53)
at tests.LoginPageTest.closeBrowser(LoginPageTest.java:53)
at tests.LoginPageTest.closeBrowser(LoginPageTest.java:53)
at tests.LoginPageTest.closeBrowser(LoginPageTest.java:53)
at tests.LoginPageTest.closeBrowser(LoginPageTest.java:53)
at tests.LoginPageTest.closeBrowser(LoginPageTest.java:53)
at tests.LoginPageTest.closeBrowser(LoginPageTest.java:53)
at tests.LoginPageTest.closeBrowser(LoginPageTest.java:53)
at tests.LoginPageTest.closeBrowser(LoginPageTest.java:53)
at tests.LoginPageTest.closeBrowser(LoginPageTest.java:53)
at tests.LoginPageTest.closeBrowser(LoginPageTest.java:53)
at tests.LoginPageTest.closeBrowser(LoginPageTest.java:53)
at tests.LoginPageTest.closeBrowser(LoginPageTest.java:53)
at tests.LoginPageTest.closeBrowser(LoginPageTest.java:53)
at tests.LoginPageTest.closeBrowser(LoginPageTest.java:53)
at tests.LoginPageTest.closeBrowser(LoginPageTest.java:53)
at tests.LoginPageTest.closeBrowser(LoginPageTest.java:53)
at tests.LoginPageTest.closeBrowser(LoginPageTest.java:53)
at tests.LoginPageTest.closeBrowser(LoginPageTest.java:53)
at tests.LoginPageTest.closeBrowser(LoginPageTest.java:53)
at tests.LoginPageTest.closeBrowser(LoginPageTest.java:53)
at tests.LoginPageTest.closeBrowser(LoginPageTest.java:53)
at tests.LoginPageTest.closeBrowser(LoginPageTest.java:53)
at tests.LoginPageTest.closeBrowser(LoginPageTest.java:53)
at tests.LoginPageTest.closeBrowser(LoginPageTest.java:53)
at tests.LoginPageTest.closeBrowser(LoginPageTest.java:53)
at tests.LoginPageTest.closeBrowser(LoginPageTest.java:53)
at tests.LoginPageTest.closeBrowser(LoginPageTest.java:53)
at tests.LoginPageTest.closeBrowser(LoginPageTest.java:53)
at tests.LoginPageTest.closeBrowser(LoginPageTest.java:53)
at tests.LoginPageTest.closeBrowser(LoginPageTest.java:53)
at tests.LoginPageTest.closeBrowser(LoginPageTest.java:53)
at tests.LoginPageTest.closeBrowser(LoginPageTest.java:53)
at tests.LoginPageTest.closeBrowser(LoginPageTest.java:53)
at tests.LoginPageTest.closeBrowser(LoginPageTest.java:53)
at tests.LoginPageTest.closeBrowser(LoginPageTest.java:53)
at tests.LoginPageTest.closeBrowser(LoginPageTest.java:53)
at tests.LoginPageTest.closeBrowser(LoginPageTest.java:53)
at tests.LoginPageTest.closeBrowser(LoginPageTest.java:53)
at tests.LoginPageTest.closeBrowser(LoginPageTest.java:53)
at tests.LoginPageTest.closeBrowser(LoginPageTest.java:53)
at tests.LoginPageTest.closeBrowser(LoginPageTest.java:53)
at tests.LoginPageTest.closeBrowser(LoginPageTest.java:53)
at tests.LoginPageTest.closeBrowser(LoginPageTest.java:53)
at tests.LoginPageTest.closeBrowser(LoginPageTest.java:53)
at tests.LoginPageTest.closeBrowser(LoginPageTest.java:53)
at tests.LoginPageTest.closeBrowser(LoginPageTest.java:53)
at tests.LoginPageTest.closeBrowser(LoginPageTest.java:53)
at tests.LoginPageTest.closeBrowser(LoginPageTest.java:53)
at tests.LoginPageTest.closeBrowser(LoginPageTest.java:53)
at tests.LoginPageTest.closeBrowser(LoginPageTest.java:53)
at tests.LoginPageTest.closeBrowser(LoginPageTest.java:53)
at tests.LoginPageTest.closeBrowser(LoginPageTest.java:53)
at tests.LoginPageTest.closeBrowser(LoginPageTest.java:53)
at tests.LoginPageTest.closeBrowser(LoginPageTest.java:53)
at tests.LoginPageTest.closeBrowser(LoginPageTest.java:53)
at tests.LoginPageTest.closeBrowser(LoginPageTest.java:53)
at tests.LoginPageTest.closeBrowser(LoginPageTest.java:53)
at tests.LoginPageTest.closeBrowser(LoginPageTest.java:53)
at tests.LoginPageTest.closeBrowser(LoginPageTest.java:53)
at tests.LoginPageTest.closeBrowser(LoginPageTest.java:53)
at tests.LoginPageTest.closeBrowser(LoginPageTest.java:53)
at tests.LoginPageTest.closeBrowser(LoginPageTest.java:53)
at tests.LoginPageTest.closeBrowser(LoginPageTest.java:53)
at tests.LoginPageTest.closeBrowser(LoginPageTest.java:53)
at tests.LoginPageTest.closeBrowser(LoginPageTest.java:53)
at tests.LoginPageTest.closeBrowser(LoginPageTest.java:53)
at tests.LoginPageTest.closeBrowser(LoginPageTest.java:53)
at tests.LoginPageTest.closeBrowser(LoginPageTest.java:53)
at tests.LoginPageTest.closeBrowser(LoginPageTest.java:53)
at tests.LoginPageTest.closeBrowser(LoginPageTest.java:53)
at tests.LoginPageTest.closeBrowser(LoginPageTest.java:53)
at tests.LoginPageTest.closeBrowser(LoginPageTest.java:53)
at tests.LoginPageTest.closeBrowser(LoginPageTest.java:53)
at tests.LoginPageTest.closeBrowser(LoginPageTest.java:53)
at tests.LoginPageTest.closeBrowser(LoginPageTest.java:53)
at tests.LoginPageTest.closeBrowser(LoginPageTest.java:53)
at tests.LoginPageTest.closeBrowser(LoginPageTest.java:53)
at tests.LoginPageTest.closeBrowser(LoginPageTest.java:53)
at tests.LoginPageTest.closeBrowser(LoginPageTest.java:53)
at tests.LoginPageTest.closeBrowser(LoginPageTest.java:53)
at tests.LoginPageTest.closeBrowser(LoginPageTest.java:53)
at tests.LoginPageTest.closeBrowser(LoginPageTest.java:53)
at tests.LoginPageTest.closeBrowser(LoginPageTest.java:53)
at tests.LoginPageTest.closeBrowser(LoginPageTest.java:53)
at tests.LoginPageTest.closeBrowser(LoginPageTest.java:53)
at tests.LoginPageTest.closeBrowser(LoginPageTest.java:53)
at tests.LoginPageTest.closeBrowser(LoginPageTest.java:53)
at tests.LoginPageTest.closeBrowser(LoginPageTest.java:53)
at tests.LoginPageTest.closeBrowser(LoginPageTest.java:53)
at tests.LoginPageTest.closeBrowser(LoginPageTest.java:53)
at tests.LoginPageTest.closeBrowser(LoginPageTest.java:53)
at tests.LoginPageTest.closeBrowser(LoginPageTest.java:53)
at tests.LoginPageTest.closeBrowser(LoginPageTest.java:53)
at tests.LoginPageTest.closeBrowser(LoginPageTest.java:53)
at tests.LoginPageTest.closeBrowser(LoginPageTest.java:53)
at tests.LoginPageTest.closeBrowser(LoginPageTest.java:53)
at tests.LoginPageTest.closeBrowser(LoginPageTest.java:53)
at tests.LoginPageTest.closeBrowser(LoginPageTest.java:53)
at tests.LoginPageTest.closeBrowser(LoginPageTest.java:53)
at tests.LoginPageTest.closeBrowser(LoginPageTest.java:53)
at tests.LoginPageTest.closeBrowser(LoginPageTest.java:53)
at tests.LoginPageTest.closeBrowser(LoginPageTest.java:53)
at tests.LoginPageTest.closeBrowser(LoginPageTest.java:53)
at tests.LoginPageTest.closeBrowser(LoginPageTest.java:53)
at tests.LoginPageTest.closeBrowser(LoginPageTest.java:53)
at tests.LoginPageTest.closeBrowser(LoginPageTest.java:53)
at tests.LoginPageTest.closeBrowser(LoginPageTest.java:53)
at tests.LoginPageTest.closeBrowser(LoginPageTest.java:53)
at tests.LoginPageTest.closeBrowser(LoginPageTest.java:53)
at tests.LoginPageTest.closeBrowser(LoginPageTest.java:53)
at tests.LoginPageTest.closeBrowser(LoginPageTest.java:53)
at tests.LoginPageTest.closeBrowser(LoginPageTest.java:53)
at tests.LoginPageTest.closeBrowser(LoginPageTest.java:53)
at tests.LoginPageTest.closeBrowser(LoginPageTest.java:53)
at tests.LoginPageTest.closeBrowser(LoginPageTest.java:53)
at tests.LoginPageTest.closeBrowser(LoginPageTest.java:53)
at tests.LoginPageTest.closeBrowser(LoginPageTest.java:53)
at tests.LoginPageTest.closeBrowser(LoginPageTest.java:53)
at tests.LoginPageTest.closeBrowser(LoginPageTest.java:53)
at tests.LoginPageTest.closeBrowser(LoginPageTest.java:53)
at tests.LoginPageTest.closeBrowser(LoginPageTest.java:53)
at tests.LoginPageTest.closeBrowser(LoginPageTest.java:53)
at tests.LoginPageTest.closeBrowser(LoginPageTest.java:53)
at tests.LoginPageTest.closeBrowser(LoginPageTest.java:53)
at tests.LoginPageTest.closeBrowser(LoginPageTest.java:53)
at tests.LoginPageTest.closeBrowser(LoginPageTest.java:53)
at tests.LoginPageTest.closeBrowser(LoginPageTest.java:53)
at tests.LoginPageTest.closeBrowser(LoginPageTest.java:53)
at tests.LoginPageTest.closeBrowser(LoginPageTest.java:53)
at tests.LoginPageTest.closeBrowser(LoginPageTest.java:53)
at tests.LoginPageTest.closeBrowser(LoginPageTest.java:53)
at tests.LoginPageTest.closeBrowser(LoginPageTest.java:53)
at tests.LoginPageTest.closeBrowser(LoginPageTest.java:53)
at tests.LoginPageTest.closeBrowser(LoginPageTest.java:53)
at tests.LoginPageTest.closeBrowser(LoginPageTest.java:53)
at tests.LoginPageTest.closeBrowser(LoginPageTest.java:53)
at tests.LoginPageTest.closeBrowser(LoginPageTest.java:53)
at tests.LoginPageTest.closeBrowser(LoginPageTest.java:53)
at tests.LoginPageTest.closeBrowser(LoginPageTest.java:53)
at tests.LoginPageTest.closeBrowser(LoginPageTest.java:53)
at tests.LoginPageTest.closeBrowser(LoginPageTest.java:53)
at tests.LoginPageTest.closeBrowser(LoginPageTest.java:53)
at tests.LoginPageTest.closeBrowser(LoginPageTest.java:53)
at tests.LoginPageTest.closeBrowser(LoginPageTest.java:53)
at tests.LoginPageTest.closeBrowser(LoginPageTest.java:53)
at tests.LoginPageTest.closeBrowser(LoginPageTest.java:53)
at tests.LoginPageTest.closeBrowser(LoginPageTest.java:53)
at tests.LoginPageTest.closeBrowser(LoginPageTest.java:53)
at tests.LoginPageTest.closeBrowser(LoginPageTest.java:53)
at tests.LoginPageTest.closeBrowser(LoginPageTest.java:53)
at tests.LoginPageTest.closeBrowser(LoginPageTest.java:53)
at tests.LoginPageTest.closeBrowser(LoginPageTest.java:53)
at tests.LoginPageTest.closeBrowser(LoginPageTest.java:53)
at tests.LoginPageTest.closeBrowser(LoginPageTest.java:53)
at tests.LoginPageTest.closeBrowser(LoginPageTest.java:53)
at tests.LoginPageTest.closeBrowser(LoginPageTest.java:53)
at tests.LoginPageTest.closeBrowser(LoginPageTest.java:53)
at tests.LoginPageTest.closeBrowser(LoginPageTest.java:53)
at tests.LoginPageTest.closeBrowser(LoginPageTest.java:53)
at tests.LoginPageTest.closeBrowser(LoginPageTest.java:53)
at tests.LoginPageTest.closeBrowser(LoginPageTest.java:53)
at tests.LoginPageTest.closeBrowser(LoginPageTest.java:53)
at tests.LoginPageTest.closeBrowser(LoginPageTest.java:53)
at tests.LoginPageTest.closeBrowser(LoginPageTest.java:53)
at tests.LoginPageTest.closeBrowser(LoginPageTest.java:53)
at tests.LoginPageTest.closeBrowser(LoginPageTest.java:53)
at tests.LoginPageTest.closeBrowser(LoginPageTest.java:53)
at tests.LoginPageTest.closeBrowser(LoginPageTest.java:53)
at tests.LoginPageTest.closeBrowser(LoginPageTest.java:53)
at tests.LoginPageTest.closeBrowser(LoginPageTest.java:53)
at tests.LoginPageTest.closeBrowser(LoginPageTest.java:53)
at tests.LoginPageTest.closeBrowser(LoginPageTest.java:53)
at tests.LoginPageTest.closeBrowser(LoginPageTest.java:53)
at tests.LoginPageTest.closeBrowser(LoginPageTest.java:53)
at tests.LoginPageTest.closeBrowser(LoginPageTest.java:53)
at tests.LoginPageTest.closeBrowser(LoginPageTest.java:53)
at tests.LoginPageTest.closeBrowser(LoginPageTest.java:53)
at tests.LoginPageTest.closeBrowser(LoginPageTest.java:53)
at tests.LoginPageTest.closeBrowser(LoginPageTest.java:53)
at tests.LoginPageTest.closeBrowser(LoginPageTest.java:53)
at tests.LoginPageTest.closeBrowser(LoginPageTest.java:53)
at tests.LoginPageTest.closeBrowser(LoginPageTest.java:53)
at tests.LoginPageTest.closeBrowser(LoginPageTest.java:53)
at tests.LoginPageTest.closeBrowser(LoginPageTest.java:53)
at tests.LoginPageTest.closeBrowser(LoginPageTest.java:53)
at tests.LoginPageTest.closeBrowser(LoginPageTest.java:53)
at tests.LoginPageTest.closeBrowser(LoginPageTest.java:53)
at tests.LoginPageTest.closeBrowser(LoginPageTest.java:53)
at tests.LoginPageTest.closeBrowser(LoginPageTest.java:53)
at tests.LoginPageTest.closeBrowser(LoginPageTest.java:53)
at tests.LoginPageTest.closeBrowser(LoginPageTest.java:53)
at tests.LoginPageTest.closeBrowser(LoginPageTest.java:53)
at tests.LoginPageTest.closeBrowser(LoginPageTest.java:53)
at tests.LoginPageTest.closeBrowser(LoginPageTest.java:53)
at tests.LoginPageTest.closeBrowser(LoginPageTest.java:53)
at tests.LoginPageTest.closeBrowser(LoginPageTest.java:53)
at tests.LoginPageTest.closeBrowser(LoginPageTest.java:53)
at tests.LoginPageTest.closeBrowser(LoginPageTest.java:53)
at tests.LoginPageTest.closeBrowser(LoginPageTest.java:53)
at tests.LoginPageTest.closeBrowser(LoginPageTest.java:53)
at tests.LoginPageTest.closeBrowser(LoginPageTest.java:53)
at tests.LoginPageTest.closeBrowser(LoginPageTest.java:53)
at tests.LoginPageTest.closeBrowser(LoginPageTest.java:53)
at tests.LoginPageTest.closeBrowser(LoginPageTest.java:53)
at tests.LoginPageTest.closeBrowser(LoginPageTest.java:53)
at tests.LoginPageTest.closeBrowser(LoginPageTest.java:53)
at tests.LoginPageTest.closeBrowser(LoginPageTest.java:53)
at tests.LoginPageTest.closeBrowser(LoginPageTest.java:53)
at tests.LoginPageTest.closeBrowser(LoginPageTest.java:53)
at tests.LoginPageTest.closeBrowser(LoginPageTest.java:53)
at tests.LoginPageTest.closeBrowser(LoginPageTest.java:53)
at tests.LoginPageTest.closeBrowser(LoginPageTest.java:53)
at tests.LoginPageTest.closeBrowser(LoginPageTest.java:53)
at tests.LoginPageTest.closeBrowser(LoginPageTest.java:53)
at tests.LoginPageTest.closeBrowser(LoginPageTest.java:53)
at tests.LoginPageTest.closeBrowser(LoginPageTest.java:53)
at tests.LoginPageTest.closeBrowser(LoginPageTest.java:53)
at tests.LoginPageTest.closeBrowser(LoginPageTest.java:53)
at tests.LoginPageTest.closeBrowser(LoginPageTest.java:53)
at tests.LoginPageTest.closeBrowser(LoginPageTest.java:53)
at tests.LoginPageTest.closeBrowser(LoginPageTest.java:53)
at tests.LoginPageTest.closeBrowser(LoginPageTest.java:53)
at tests.LoginPageTest.closeBrowser(LoginPageTest.java:53)
at tests.LoginPageTest.closeBrowser(LoginPageTest.java:53)
at tests.LoginPageTest.closeBrowser(LoginPageTest.java:53)
at tests.LoginPageTest.closeBrowser(LoginPageTest.java:53)
at tests.LoginPageTest.closeBrowser(LoginPageTest.java:53)
at tests.LoginPageTest.closeBrowser(LoginPageTest.java:53)
at tests.LoginPageTest.closeBrowser(LoginPageTest.java:53)
at tests.LoginPageTest.closeBrowser(LoginPageTest.java:53)
at tests.LoginPageTest.closeBrowser(LoginPageTest.java:53)
at tests.LoginPageTest.closeBrowser(LoginPageTest.java:53)
at tests.LoginPageTest.closeBrowser(LoginPageTest.java:53)
at tests.LoginPageTest.closeBrowser(LoginPageTest.java:53)
at tests.LoginPageTest.closeBrowser(LoginPageTest.java:53)
at tests.LoginPageTest.closeBrowser(LoginPageTest.java:53)
at tests.LoginPageTest.closeBrowser(LoginPageTest.java:53)
at tests.LoginPageTest.closeBrowser(LoginPageTest.java:53)
at tests.LoginPageTest.closeBrowser(LoginPageTest.java:53)
at tests.LoginPageTest.closeBrowser(LoginPageTest.java:53)
at tests.LoginPageTest.closeBrowser(LoginPageTest.java:53)
at tests.LoginPageTest.closeBrowser(LoginPageTest.java:53)
at tests.LoginPageTest.closeBrowser(LoginPageTest.java:53)
at tests.LoginPageTest.closeBrowser(LoginPageTest.java:53)
at tests.LoginPageTest.closeBrowser(LoginPageTest.java:53)
at tests.LoginPageTest.closeBrowser(LoginPageTest.java:53)
at tests.LoginPageTest.closeBrowser(LoginPageTest.java:53)
at tests.LoginPageTest.closeBrowser(LoginPageTest.java:53)
at tests.LoginPageTest.closeBrowser(LoginPageTest.java:53)
at tests.LoginPageTest.closeBrowser(LoginPageTest.java:53)
at tests.LoginPageTest.closeBrowser(LoginPageTest.java:53)
at tests.LoginPageTest.closeBrowser(LoginPageTest.java:53)
at tests.LoginPageTest.closeBrowser(LoginPageTest.java:53)
at tests.LoginPageTest.closeBrowser(LoginPageTest.java:53)
at tests.LoginPageTest.closeBrowser(LoginPageTest.java:53)
at tests.LoginPageTest.closeBrowser(LoginPageTest.java:53)
at tests.LoginPageTest.closeBrowser(LoginPageTest.java:53)
at tests.LoginPageTest.closeBrowser(LoginPageTest.java:53)
at tests.LoginPageTest.closeBrowser(LoginPageTest.java:53)
at tests.LoginPageTest.closeBrowser(LoginPageTest.java:53)
at tests.LoginPageTest.closeBrowser(LoginPageTest.java:53)
at tests.LoginPageTest.closeBrowser(LoginPageTest.java:53)
at tests.LoginPageTest.closeBrowser(LoginPageTest.java:53)
at tests.LoginPageTest.closeBrowser(LoginPageTest.java:53)
at tests.LoginPageTest.closeBrowser(LoginPageTest.java:53)
at tests.LoginPageTest.closeBrowser(LoginPageTest.java:53)
at tests.LoginPageTest.closeBrowser(LoginPageTest.java:53)
at tests.LoginPageTest.closeBrowser(LoginPageTest.java:53)
at tests.LoginPageTest.closeBrowser(LoginPageTest.java:53)
at tests.LoginPageTest.closeBrowser(LoginPageTest.java:53)
at tests.LoginPageTest.closeBrowser(LoginPageTest.java:53)
at tests.LoginPageTest.closeBrowser(LoginPageTest.java:53)
at tests.LoginPageTest.closeBrowser(LoginPageTest.java:53)
at tests.LoginPageTest.closeBrowser(LoginPageTest.java:53)
at tests.LoginPageTest.closeBrowser(LoginPageTest.java:53)
at tests.LoginPageTest.closeBrowser(LoginPageTest.java:53)
at tests.LoginPageTest.closeBrowser(LoginPageTest.java:53)
at tests.LoginPageTest.closeBrowser(LoginPageTest.java:53)
at tests.LoginPageTest.closeBrowser(LoginPageTest.java:53)
at tests.LoginPageTest.closeBrowser(LoginPageTest.java:53)
at tests.LoginPageTest.closeBrowser(LoginPageTest.java:53)
at tests.LoginPageTest.closeBrowser(LoginPageTest.java:53)
at tests.LoginPageTest.closeBrowser(LoginPageTest.java:53)
at tests.LoginPageTest.closeBrowser(LoginPageTest.java:53)
at tests.LoginPageTest.closeBrowser(LoginPageTest.java:53)
at tests.LoginPageTest.closeBrowser(LoginPageTest.java:53)
at tests.LoginPageTest.closeBrowser(LoginPageTest.java:53)
at tests.LoginPageTest.closeBrowser(LoginPageTest.java:53)
at tests.LoginPageTest.closeBrowser(LoginPageTest.java:53)
at tests.LoginPageTest.closeBrowser(LoginPageTest.java:53)
at tests.LoginPageTest.closeBrowser(LoginPageTest.java:53)
at tests.LoginPageTest.closeBrowser(LoginPageTest.java:53)
at tests.LoginPageTest.closeBrowser(LoginPageTest.java:53)
at tests.LoginPageTest.closeBrowser(LoginPageTest.java:53)
at tests.LoginPageTest.closeBrowser(LoginPageTest.java:53)
at tests.LoginPageTest.closeBrowser(LoginPageTest.java:53)
at tests.LoginPageTest.closeBrowser(LoginPageTest.java:53)
at tests.LoginPageTest.closeBrowser(LoginPageTest.java:53)
at tests.LoginPageTest.closeBrowser(LoginPageTest.java:53)
at tests.LoginPageTest.closeBrowser(LoginPageTest.java:53)
at tests.LoginPageTest.closeBrowser(LoginPageTest.java:53)
at tests.LoginPageTest.closeBrowser(LoginPageTest.java:53)
at tests.LoginPageTest.closeBrowser(LoginPageTest.java:53)
at tests.LoginPageTest.closeBrowser(LoginPageTest.java:53)
at tests.LoginPageTest.closeBrowser(LoginPageTest.java:53)
at tests.LoginPageTest.closeBrowser(LoginPageTest.java:53)
at tests.LoginPageTest.closeBrowser(LoginPageTest.java:53)
at tests.LoginPageTest.closeBrowser(LoginPageTest.java:53)
at tests.LoginPageTest.closeBrowser(LoginPageTest.java:53)
at tests.LoginPageTest.closeBrowser(LoginPageTest.java:53)
at tests.LoginPageTest.closeBrowser(LoginPageTest.java:53)
at tests.LoginPageTest.closeBrowser(LoginPageTest.java:53)
at tests.LoginPageTest.closeBrowser(LoginPageTest.java:53)
at tests.LoginPageTest.closeBrowser(LoginPageTest.java:53)
at tests.LoginPageTest.closeBrowser(LoginPageTest.java:53)
at tests.LoginPageTest.closeBrowser(LoginPageTest.java:53)
at tests.LoginPageTest.closeBrowser(LoginPageTest.java:53)
at tests.LoginPageTest.closeBrowser(LoginPageTest.java:53)
at tests.LoginPageTest.closeBrowser(LoginPageTest.java:53)
at tests.LoginPageTest.closeBrowser(LoginPageTest.java:53)
at tests.LoginPageTest.closeBrowser(LoginPageTest.java:53)
at tests.LoginPageTest.closeBrowser(LoginPageTest.java:53)
at tests.LoginPageTest.closeBrowser(LoginPageTest.java:53)
at tests.LoginPageTest.closeBrowser(LoginPageTest.java:53)
at tests.LoginPageTest.closeBrowser(LoginPageTest.java:53)
at tests.LoginPageTest.closeBrowser(LoginPageTest.java:53)
at tests.LoginPageTest.closeBrowser(LoginPageTest.java:53)
at tests.LoginPageTest.closeBrowser(LoginPageTest.java:53)
at tests.LoginPageTest.closeBrowser(LoginPageTest.java:53)
at tests.LoginPageTest.closeBrowser(LoginPageTest.java:53)
at tests.LoginPageTest.closeBrowser(LoginPageTest.java:53)
at tests.LoginPageTest.closeBrowser(LoginPageTest.java:53)
at tests.LoginPageTest.closeBrowser(LoginPageTest.java:53)
at tests.LoginPageTest.closeBrowser(LoginPageTest.java:53)
at tests.LoginPageTest.closeBrowser(LoginPageTest.java:53)
at tests.LoginPageTest.closeBrowser(LoginPageTest.java:53)
at tests.LoginPageTest.closeBrowser(LoginPageTest.java:53)
at tests.LoginPageTest.closeBrowser(LoginPageTest.java:53)
at tests.LoginPageTest.closeBrowser(LoginPageTest.java:53)
at tests.LoginPageTest.closeBrowser(LoginPageTest.java:53)
at tests.LoginPageTest.closeBrowser(LoginPageTest.java:53)
at tests.LoginPageTest.closeBrowser(LoginPageTest.java:53)
at tests.LoginPageTest.closeBrowser(LoginPageTest.java:53)
at tests.LoginPageTest.closeBrowser(LoginPageTest.java:53)
at tests.LoginPageTest.closeBrowser(LoginPageTest.java:53)
at tests.LoginPageTest.closeBrowser(LoginPageTest.java:53)
at tests.LoginPageTest.closeBrowser(LoginPageTest.java:53)
at tests.LoginPageTest.closeBrowser(LoginPageTest.java:53)
at tests.LoginPageTest.closeBrowser(LoginPageTest.java:53)
at tests.LoginPageTest.closeBrowser(LoginPageTest.java:53)
at tests.LoginPageTest.closeBrowser(LoginPageTest.java:53)
at tests.LoginPageTest.closeBrowser(LoginPageTest.java:53)
at tests.LoginPageTest.closeBrowser(LoginPageTest.java:53)
at tests.LoginPageTest.closeBrowser(LoginPageTest.java:53)
at tests.LoginPageTest.closeBrowser(LoginPageTest.java:53)
at tests.LoginPageTest.closeBrowser(LoginPageTest.java:53)
at tests.LoginPageTest.closeBrowser(LoginPageTest.java:53)
at tests.LoginPageTest.closeBrowser(LoginPageTest.java:53)
at tests.LoginPageTest.closeBrowser(LoginPageTest.java:53)
at tests.LoginPageTest.closeBrowser(LoginPageTest.java:53)
at tests.LoginPageTest.closeBrowser(LoginPageTest.java:53)
at tests.LoginPageTest.closeBrowser(LoginPageTest.java:53)
at tests.LoginPageTest.closeBrowser(LoginPageTest.java:53)
at tests.LoginPageTest.closeBrowser(LoginPageTest.java:53)
at tests.LoginPageTest.closeBrowser(LoginPageTest.java:53)
at tests.LoginPageTest.closeBrowser(LoginPageTest.java:53)
at tests.LoginPageTest.closeBrowser(LoginPageTest.java:53)
at tests.LoginPageTest.closeBrowser(LoginPageTest.java:53)
at tests.LoginPageTest.closeBrowser(LoginPageTest.java:53)
at tests.LoginPageTest.closeBrowser(LoginPageTest.java:53)
at tests.LoginPageTest.closeBrowser(LoginPageTest.java:53)
at tests.LoginPageTest.closeBrowser(LoginPageTest.java:53)
at tests.LoginPageTest.closeBrowser(LoginPageTest.java:53)
at tests.LoginPageTest.closeBrowser(LoginPageTest.java:53)
at tests.LoginPageTest.closeBrowser(LoginPageTest.java:53)
at tests.LoginPageTest.closeBrowser(LoginPageTest.java:53)
at tests.LoginPageTest.closeBrowser(LoginPageTest.java:53)
at tests.LoginPageTest.closeBrowser(LoginPageTest.java:53)
at tests.LoginPageTest.closeBrowser(LoginPageTest.java:53)
at tests.LoginPageTest.closeBrowser(LoginPageTest.java:53)
at tests.LoginPageTest.closeBrowser(LoginPageTest.java:53)
at tests.LoginPageTest.closeBrowser(LoginPageTest.java:53)
at tests.LoginPageTest.closeBrowser(LoginPageTest.java:53)
at tests.LoginPageTest.closeBrowser(LoginPageTest.java:53)
at tests.LoginPageTest.closeBrowser(LoginPageTest.java:53)
at tests.LoginPageTest.closeBrowser(LoginPageTest.java:53)
at tests.LoginPageTest.closeBrowser(LoginPageTest.java:53)
at tests.LoginPageTest.closeBrowser(LoginPageTest.java:53)
at tests.LoginPageTest.closeBrowser(LoginPageTest.java:53)
at tests.LoginPageTest.closeBrowser(LoginPageTest.java:53)
at tests.LoginPageTest.closeBrowser(LoginPageTest.java:53)
at tests.LoginPageTest.closeBrowser(LoginPageTest.java:53)
at tests.LoginPageTest.closeBrowser(LoginPageTest.java:53)
at tests.LoginPageTest.closeBrowser(LoginPageTest.java:53)
at tests.LoginPageTest.closeBrowser(LoginPageTest.java:53)
at tests.LoginPageTest.closeBrowser(LoginPageTest.java:53)
at tests.LoginPageTest.closeBrowser(LoginPageTest.java:53)
at tests.LoginPageTest.closeBrowser(LoginPageTest.java:53)
at tests.LoginPageTest.closeBrowser(LoginPageTest.java:53)
at tests.LoginPageTest.closeBrowser(LoginPageTest.java:53)
at tests.LoginPageTest.closeBrowser(LoginPageTest.java:53)
at tests.LoginPageTest.closeBrowser(LoginPageTest.java:53)
at tests.LoginPageTest.closeBrowser(LoginPageTest.java:53)
at tests.LoginPageTest.closeBrowser(LoginPageTest.java:53)
at tests.LoginPageTest.closeBrowser(LoginPageTest.java:53)
at tests.LoginPageTest.closeBrowser(LoginPageTest.java:53)
at tests.LoginPageTest.closeBrowser(LoginPageTest.java:53)
at tests.LoginPageTest.closeBrowser(LoginPageTest.java:53)
at tests.LoginPageTest.closeBrowser(LoginPageTest.java:53)
at tests.LoginPageTest.closeBrowser(LoginPageTest.java:53)
at tests.LoginPageTest.closeBrowser(LoginPageTest.java:53)
at tests.LoginPageTest.closeBrowser(LoginPageTest.java:53)
at tests.LoginPageTest.closeBrowser(LoginPageTest.java:53)
at tests.LoginPageTest.closeBrowser(LoginPageTest.java:53)
at tests.LoginPageTest.closeBrowser(LoginPageTest.java:53)
at tests.LoginPageTest.closeBrowser(LoginPageTest.java:53)
at tests.LoginPageTest.closeBrowser(LoginPageTest.java:53)
at tests.LoginPageTest.closeBrowser(LoginPageTest.java:53)
at tests.LoginPageTest.closeBrowser(LoginPageTest.java:53)
at tests.LoginPageTest.closeBrowser(LoginPageTest.java:53)
at tests.LoginPageTest.closeBrowser(LoginPageTest.java:53)
at tests.LoginPageTest.closeBrowser(LoginPageTest.java:53)
at tests.LoginPageTest.closeBrowser(LoginPageTest.java:53)
at tests.LoginPageTest.closeBrowser(LoginPageTest.java:53)
at tests.LoginPageTest.closeBrowser(LoginPageTest.java:53)
at tests.LoginPageTest.closeBrowser(LoginPageTest.java:53)
at tests.LoginPageTest.closeBrowser(LoginPageTest.java:53)
at tests.LoginPageTest.closeBrowser(LoginPageTest.java:53)
at tests.LoginPageTest.closeBrowser(LoginPageTest.java:53)
at tests.LoginPageTest.closeBrowser(LoginPageTest.java:53)
at tests.LoginPageTest.closeBrowser(LoginPageTest.java:53)
at tests.LoginPageTest.closeBrowser(LoginPageTest.java:53)
at tests.LoginPageTest.closeBrowser(LoginPageTest.java:53)
at tests.LoginPageTest.closeBrowser(LoginPageTest.java:53)
at tests.LoginPageTest.closeBrowser(LoginPageTest.java:53)
at tests.LoginPageTest.closeBrowser(LoginPageTest.java:53)
at tests.LoginPageTest.closeBrowser(LoginPageTest.java:53)
at tests.LoginPageTest.closeBrowser(LoginPageTest.java:53)
at tests.LoginPageTest.closeBrowser(LoginPageTest.java:53)
at tests.LoginPageTest.closeBrowser(LoginPageTest.java:53)
at tests.LoginPageTest.closeBrowser(LoginPageTest.java:53)
at tests.LoginPageTest.closeBrowser(LoginPageTest.java:53)
at tests.LoginPageTest.closeBrowser(LoginPageTest.java:53)
at tests.LoginPageTest.closeBrowser(LoginPageTest.java:53)
at tests.LoginPageTest.closeBrowser(LoginPageTest.java:53)
at tests.LoginPageTest.closeBrowser(LoginPageTest.java:53)
at tests.LoginPageTest.closeBrowser(LoginPageTest.java:53)
at tests.LoginPageTest.closeBrowser(LoginPageTest.java:53)
at tests.LoginPageTest.closeBrowser(LoginPageTest.java:53)
at tests.LoginPageTest.closeBrowser(LoginPageTest.java:53)
at tests.LoginPageTest.closeBrowser(LoginPageTest.java:53)
at tests.LoginPageTest.closeBrowser(LoginPageTest.java:53)
at tests.LoginPageTest.closeBrowser(LoginPageTest.java:53)
at tests.LoginPageTest.closeBrowser(LoginPageTest.java:53)
at tests.LoginPageTest.closeBrowser(LoginPageTest.java:53)
at tests.LoginPageTest.closeBrowser(LoginPageTest.java:53)
at tests.LoginPageTest.closeBrowser(LoginPageTest.java:53)
at tests.LoginPageTest.closeBrowser(LoginPageTest.java:53)
at tests.LoginPageTest.closeBrowser(LoginPageTest.java:53)
at tests.LoginPageTest.closeBrowser(LoginPageTest.java:53)
at tests.LoginPageTest.closeBrowser(LoginPageTest.java:53)
at tests.LoginPageTest.closeBrowser(LoginPageTest.java:53)
at tests.LoginPageTest.closeBrowser(LoginPageTest.java:53)
at tests.LoginPageTest.closeBrowser(LoginPageTest.java:53)
at tests.LoginPageTest.closeBrowser(LoginPageTest.java:53)
at tests.LoginPageTest.closeBrowser(LoginPageTest.java:53)
at tests.LoginPageTest.closeBrowser(LoginPageTest.java:53)
at tests.LoginPageTest.closeBrowser(LoginPageTest.java:53)
at tests.LoginPageTest.closeBrowser(LoginPageTest.java:53)
at tests.LoginPageTest.closeBrowser(LoginPageTest.java:53)
at tests.LoginPageTest.closeBrowser(LoginPageTest.java:53)
at tests.LoginPageTest.closeBrowser(LoginPageTest.java:53)
at tests.LoginPageTest.closeBrowser(LoginPageTest.java:53)
at tests.LoginPageTest.closeBrowser(LoginPageTest.java:53)
at tests.LoginPageTest.closeBrowser(LoginPageTest.java:53)
at tests.LoginPageTest.closeBrowser(LoginPageTest.java:53)
at tests.LoginPageTest.closeBrowser(LoginPageTest.java:53)
at tests.LoginPageTest.closeBrowser(LoginPageTest.java:53)
at tests.LoginPageTest.closeBrowser(LoginPageTest.java:53)
at tests.LoginPageTest.closeBrowser(LoginPageTest.java:53)
at tests.LoginPageTest.closeBrowser(LoginPageTest.java:53)
at tests.LoginPageTest.closeBrowser(LoginPageTest.java:53)
at tests.LoginPageTest.closeBrowser(LoginPageTest.java:53)
at tests.LoginPageTest.closeBrowser(LoginPageTest.java:53)
at tests.LoginPageTest.closeBrowser(LoginPageTest.java:53)
at tests.LoginPageTest.closeBrowser(LoginPageTest.java:53)
at tests.LoginPageTest.closeBrowser(LoginPageTest.java:53)
at tests.LoginPageTest.closeBrowser(LoginPageTest.java:53)
at tests.LoginPageTest.closeBrowser(LoginPageTest.java:53)
at tests.LoginPageTest.closeBrowser(LoginPageTest.java:53)
at tests.LoginPageTest.closeBrowser(LoginPageTest.java:53)
at tests.LoginPageTest.closeBrowser(LoginPageTest.java:53)
at tests.LoginPageTest.closeBrowser(LoginPageTest.java:53)
at tests.LoginPageTest.closeBrowser(LoginPageTest.java:53)
at tests.LoginPageTest.closeBrowser(LoginPageTest.java:53)
at tests.LoginPageTest.closeBrowser(LoginPageTest.java:53)
at tests.LoginPageTest.closeBrowser(LoginPageTest.java:53)
at tests.LoginPageTest.closeBrowser(LoginPageTest.java:53)
at tests.LoginPageTest.closeBrowser(LoginPageTest.java:53)
at tests.LoginPageTest.closeBrowser(LoginPageTest.java:53)
at tests.LoginPageTest.closeBrowser(LoginPageTest.java:53)
at tests.LoginPageTest.closeBrowser(LoginPageTest.java:53)
at tests.LoginPageTest.closeBrowser(LoginPageTest.java:53)
at tests.LoginPageTest.closeBrowser(LoginPageTest.java:53)
at tests.LoginPageTest.closeBrowser(LoginPageTest.java:53)
at tests.LoginPageTest.closeBrowser(LoginPageTest.java:53)
at tests.LoginPageTest.closeBrowser(LoginPageTest.java:53)
at tests.LoginPageTest.closeBrowser(LoginPageTest.java:53)
at tests.LoginPageTest.closeBrowser(LoginPageTest.java:53)
at tests.LoginPageTest.closeBrowser(LoginPageTest.java:53)
at tests.LoginPageTest.closeBrowser(LoginPageTest.java:53)
at tests.LoginPageTest.closeBrowser(LoginPageTest.java:53)
at tests.LoginPageTest.closeBrowser(LoginPageTest.java:53)
at tests.LoginPageTest.closeBrowser(LoginPageTest.java:53)
at tests.LoginPageTest.closeBrowser(LoginPageTest.java:53)
at tests.LoginPageTest.closeBrowser(LoginPageTest.java:53)
at tests.LoginPageTest.closeBrowser(LoginPageTest.java:53)
at tests.LoginPageTest.closeBrowser(LoginPageTest.java:53)
at tests.LoginPageTest.closeBrowser(LoginPageTest.java:53)
at tests.LoginPageTest.closeBrowser(LoginPageTest.java:53)
at tests.LoginPageTest.closeBrowser(LoginPageTest.java:53)
at tests.LoginPageTest.closeBrowser(LoginPageTest.java:53)
at tests.LoginPageTest.closeBrowser(LoginPageTest.java:53)
at tests.LoginPageTest.closeBrowser(LoginPageTest.java:53)
at tests.LoginPageTest.closeBrowser(LoginPageTest.java:53)
at tests.LoginPageTest.closeBrowser(LoginPageTest.java:53)
at tests.LoginPageTest.closeBrowser(LoginPageTest.java:53)
at tests.LoginPageTest.closeBrowser(LoginPageTest.java:53)
at tests.LoginPageTest.closeBrowser(LoginPageTest.java:53)
at tests.LoginPageTest.closeBrowser(LoginPageTest.java:53)
at tests.LoginPageTest.closeBrowser(LoginPageTest.java:53)
at tests.LoginPageTest.closeBrowser(LoginPageTest.java:53)
at tests.LoginPageTest.closeBrowser(LoginPageTest.java:53)
at tests.LoginPageTest.closeBrowser(LoginPageTest.java:53)
at tests.LoginPageTest.closeBrowser(LoginPageTest.java:53)
at tests.LoginPageTest.closeBrowser(LoginPageTest.java:53)
at tests.LoginPageTest.closeBrowser(LoginPageTest.java:53)
at tests.LoginPageTest.closeBrowser(LoginPageTest.java:53)
at tests.LoginPageTest.closeBrowser(LoginPageTest.java:53)
at tests.LoginPageTest.closeBrowser(LoginPageTest.java:53)
at tests.LoginPageTest.closeBrowser(LoginPageTest.java:53)
at tests.LoginPageTest.closeBrowser(LoginPageTest.java:53)
at tests.LoginPageTest.closeBrowser(LoginPageTest.java:53)
at tests.LoginPageTest.closeBrowser(LoginPageTest.java:53)
at tests.LoginPageTest.closeBrowser(LoginPageTest.java:53)
at tests.LoginPageTest.closeBrowser(LoginPageTest.java:53)
at tests.LoginPageTest.closeBrowser(LoginPageTest.java:53)
at tests.LoginPageTest.closeBrowser(LoginPageTest.java:53)
at tests.LoginPageTest.closeBrowser(LoginPageTest.java:53)
at tests.LoginPageTest.closeBrowser(LoginPageTest.java:53)
at tests.LoginPageTest.closeBrowser(LoginPageTest.java:53)
at tests.LoginPageTest.closeBrowser(LoginPageTest.java:53)
at tests.LoginPageTest.closeBrowser(LoginPageTest.java:53)
at tests.LoginPageTest.closeBrowser(LoginPageTest.java:53)
at tests.LoginPageTest.closeBrowser(LoginPageTest.java:53)
at tests.LoginPageTest.closeBrowser(LoginPageTest.java:53)
at tests.LoginPageTest.closeBrowser(LoginPageTest.java:53)
at tests.LoginPageTest.closeBrowser(LoginPageTest.java:53)
at tests.LoginPageTest.closeBrowser(LoginPageTest.java:53)
at tests.LoginPageTest.closeBrowser(LoginPageTest.java:53)
at tests.LoginPageTest.closeBrowser(LoginPageTest.java:53)
at tests.LoginPageTest.closeBrowser(LoginPageTest.java:53)
at tests.LoginPageTest.closeBrowser(LoginPageTest.java:53)
at tests.LoginPageTest.closeBrowser(LoginPageTest.java:53)
at tests.LoginPageTest.closeBrowser(LoginPageTest.java:53)
at tests.LoginPageTest.closeBrowser(LoginPageTest.java:53)
at tests.LoginPageTest.closeBrowser(LoginPageTest.java:53)
at tests.LoginPageTest.closeBrowser(LoginPageTest.java:53)
at tests.LoginPageTest.closeBrowser(LoginPageTest.java:53)
at tests.LoginPageTest.closeBrowser(LoginPageTest.java:53)
at tests.LoginPageTest.closeBrowser(LoginPageTest.java:53)
at tests.LoginPageTest.closeBrowser(LoginPageTest.java:53)
at tests.LoginPageTest.closeBrowser(LoginPageTest.java:53)
at tests.LoginPageTest.closeBrowser(LoginPageTest.java:53)
at tests.LoginPageTest.closeBrowser(LoginPageTest.java:53)
at tests.LoginPageTest.closeBrowser(LoginPageTest.java:53)
at tests.LoginPageTest.closeBrowser(LoginPageTest.java:53)
at tests.LoginPageTest.closeBrowser(LoginPageTest.java:53)
at tests.LoginPageTest.closeBrowser(LoginPageTest.java:53)
at tests.LoginPageTest.closeBrowser(LoginPageTest.java:53)
at tests.LoginPageTest.closeBrowser(LoginPageTest.java:53)
at tests.LoginPageTest.closeBrowser(LoginPageTest.java:53)
at tests.LoginPageTest.closeBrowser(LoginPageTest.java:53)
at tests.LoginPageTest.closeBrowser(LoginPageTest.java:53)
at tests.LoginPageTest.closeBrowser(LoginPageTest.java:53)
at tests.LoginPageTest.closeBrowser(LoginPageTest.java:53)
at tests.LoginPageTest.closeBrowser(LoginPageTest.java:53)
at tests.LoginPageTest.closeBrowser(LoginPageTest.java:53)
at tests.LoginPageTest.closeBrowser(LoginPageTest.java:53)
at tests.LoginPageTest.closeBrowser(LoginPageTest.java:53)
at tests.LoginPageTest.closeBrowser(LoginPageTest.java:53)
at tests.LoginPageTest.closeBrowser(LoginPageTest.java:53)
at tests.LoginPageTest.closeBrowser(LoginPageTest.java:53)
at tests.LoginPageTest.closeBrowser(LoginPageTest.java:53)
at tests.LoginPageTest.closeBrowser(LoginPageTest.java:53)
at tests.LoginPageTest.closeBrowser(LoginPageTest.java:53)
at tests.LoginPageTest.closeBrowser(LoginPageTest.java:53)
at tests.LoginPageTest.closeBrowser(LoginPageTest.java:53)
at tests.LoginPageTest.closeBrowser(LoginPageTest.java:53)
at tests.LoginPageTest.closeBrowser(LoginPageTest.java:53)
at tests.LoginPageTest.closeBrowser(LoginPageTest.java:53)
at tests.LoginPageTest.closeBrowser(LoginPageTest.java:53)
at tests.LoginPageTest.closeBrowser(LoginPageTest.java:53)
at tests.LoginPageTest.closeBrowser(LoginPageTest.java:53)
at tests.LoginPageTest.closeBrowser(LoginPageTest.java:53)
at tests.LoginPageTest.closeBrowser(LoginPageTest.java:53)
at tests.LoginPageTest.closeBrowser(LoginPageTest.java:53)
at tests.LoginPageTest.closeBrowser(LoginPageTest.java:53)
at tests.LoginPageTest.closeBrowser(LoginPageTest.java:53)
at tests.LoginPageTest.closeBrowser(LoginPageTest.java:53)
at tests.LoginPageTest.closeBrowser(LoginPageTest.java:53)
at tests.LoginPageTest.closeBrowser(LoginPageTest.java:53)
at tests.LoginPageTest.closeBrowser(LoginPageTest.java:53)
at tests.LoginPageTest.closeBrowser(LoginPageTest.java:53)
at tests.LoginPageTest.closeBrowser(LoginPageTest.java:53)
at tests.LoginPageTest.closeBrowser(LoginPageTest.java:53)
at tests.LoginPageTest.closeBrowser(LoginPageTest.java:53)
at tests.LoginPageTest.closeBrowser(LoginPageTest.java:53)
at tests.LoginPageTest.closeBrowser(LoginPageTest.java:53)
at tests.LoginPageTest.closeBrowser(LoginPageTest.java:53)
at tests.LoginPageTest.closeBrowser(LoginPageTest.java:53)
at tests.LoginPageTest.closeBrowser(LoginPageTest.java:53)
at tests.LoginPageTest.closeBrowser(LoginPageTest.java:53)
at tests.LoginPageTest.closeBrowser(LoginPageTest.java:53)
at tests.LoginPageTest.closeBrowser(LoginPageTest.java:53)
at tests.LoginPageTest.closeBrowser(LoginPageTest.java:53)
at tests.LoginPageTest.closeBrowser(LoginPageTest.java:53)
at tests.LoginPageTest.closeBrowser(LoginPageTest.java:53)
at tests.LoginPageTest.closeBrowser(LoginPageTest.java:53)
at tests.LoginPageTest.closeBrowser(LoginPageTest.java:53)
at tests.LoginPageTest.closeBrowser(LoginPageTest.java:53)
at tests.LoginPageTest.closeBrowser(LoginPageTest.java:53)
at tests.LoginPageTest.closeBrowser(LoginPageTest.java:53)
at tests.LoginPageTest.closeBrowser(LoginPageTest.java:53)
at tests.LoginPageTest.closeBrowser(LoginPageTest.java:53)
at tests.LoginPageTest.closeBrowser(LoginPageTest.java:53)
at tests.LoginPageTest.closeBrowser(LoginPageTest.java:53)
at tests.LoginPageTest.closeBrowser(LoginPageTest.java:53)
at tests.LoginPageTest.closeBrowser(LoginPageTest.java:53)
at tests.LoginPageTest.closeBrowser(LoginPageTest.java:53)
at tests.LoginPageTest.closeBrowser(LoginPageTest.java:53)
at tests.LoginPageTest.closeBrowser(LoginPageTest.java:53)
at tests.LoginPageTest.closeBrowser(LoginPageTest.java:53)
at tests.LoginPageTest.closeBrowser(LoginPageTest.java:53)
at tests.LoginPageTest.closeBrowser(LoginPageTest.java:53)
at tests.LoginPageTest.closeBrowser(LoginPageTest.java:53)
at tests.LoginPageTest.closeBrowser(LoginPageTest.java:53)
at tests.LoginPageTest.closeBrowser(LoginPageTest.java:53)
at tests.LoginPageTest.closeBrowser(LoginPageTest.java:53)
at tests.LoginPageTest.closeBrowser(LoginPageTest.java:53)
at tests.LoginPageTest.closeBrowser(LoginPageTest.java:53)
at tests.LoginPageTest.closeBrowser(LoginPageTest.java:53)
at tests.LoginPageTest.closeBrowser(LoginPageTest.java:53)
at tests.LoginPageTest.closeBrowser(LoginPageTest.java:53)
at tests.LoginPageTest.closeBrowser(LoginPageTest.java:53)
at tests.LoginPageTest.closeBrowser(LoginPageTest.java:53)
at tests.LoginPageTest.closeBrowser(LoginPageTest.java:53)
at tests.LoginPageTest.closeBrowser(LoginPageTest.java:53)
at tests.LoginPageTest.closeBrowser(LoginPageTest.java:53)
at tests.LoginPageTest.closeBrowser(LoginPageTest.java:53)
at tests.LoginPageTest.closeBrowser(LoginPageTest.java:53)
at tests.LoginPageTest.closeBrowser(LoginPageTest.java:53)
at tests.LoginPageTest.closeBrowser(LoginPageTest.java:53)
at tests.LoginPageTest.closeBrowser(LoginPageTest.java:53)
at tests.LoginPageTest.closeBrowser(LoginPageTest.java:53)
at tests.LoginPageTest.closeBrowser(LoginPageTest.java:53)
at tests.LoginPageTest.closeBrowser(LoginPageTest.java:53)
at tests.LoginPageTest.closeBrowser(LoginPageTest.java:53)
at tests.LoginPageTest.closeBrowser(LoginPageTest.java:53)
at tests.LoginPageTest.closeBrowser(LoginPageTest.java:53)
at tests.LoginPageTest.closeBrowser(LoginPageTest.java:53)
at tests.LoginPageTest.closeBrowser(LoginPageTest.java:53)
at tests.LoginPageTest.closeBrowser(LoginPageTest.java:53)
at tests.LoginPageTest.closeBrowser(LoginPageTest.java:53)
at tests.LoginPageTest.closeBrowser(LoginPageTest.java:53)
at tests.LoginPageTest.closeBrowser(LoginPageTest.java:53)
at tests.LoginPageTest.closeBrowser(LoginPageTest.java:53)
at tests.LoginPageTest.closeBrowser(LoginPageTest.java:53)
at tests.LoginPageTest.closeBrowser(LoginPageTest.java:53)
at tests.LoginPageTest.closeBrowser(LoginPageTest.java:53)
at tests.LoginPageTest.closeBrowser(LoginPageTest.java:53)
at tests.LoginPageTest.closeBrowser(LoginPageTest.java:53)
at tests.LoginPageTest.closeBrowser(LoginPageTest.java:53)
at tests.LoginPageTest.closeBrowser(LoginPageTest.java:53)
at tests.LoginPageTest.closeBrowser(LoginPageTest.java:53)
at tests.LoginPageTest.closeBrowser(LoginPageTest.java:53)
at tests.LoginPageTest.closeBrowser(LoginPageTest.java:53)
at tests.LoginPageTest.closeBrowser(LoginPageTest.java:53)
at tests.LoginPageTest.closeBrowser(LoginPageTest.java:53)
at tests.LoginPageTest.closeBrowser(LoginPageTest.java:53)
at tests.LoginPageTest.closeBrowser(LoginPageTest.java:53)
at tests.LoginPageTest.closeBrowser(LoginPageTest.java:53)
at tests.LoginPageTest.closeBrowser(LoginPageTest.java:53)
at tests.LoginPageTest.closeBrowser(LoginPageTest.java:53)
at tests.LoginPageTest.closeBrowser(LoginPageTest.java:53)
at tests.LoginPageTest.closeBrowser(LoginPageTest.java:53)
at tests.LoginPageTest.closeBrowser(LoginPageTest.java:53)
at tests.LoginPageTest.closeBrowser(LoginPageTest.java:53)
at tests.LoginPageTest.closeBrowser(LoginPageTest.java:53)
at tests.LoginPageTest.closeBrowser(LoginPageTest.java:53)
at tests.LoginPageTest.closeBrowser(LoginPageTest.java:53)
at tests.LoginPageTest.closeBrowser(LoginPageTest.java:53)
at tests.LoginPageTest.closeBrowser(LoginPageTest.java:53)
at tests.LoginPageTest.closeBrowser(LoginPageTest.java:53)
at tests.LoginPageTest.closeBrowser(LoginPageTest.java:53)
at tests.LoginPageTest.closeBrowser(LoginPageTest.java:53)
at tests.LoginPageTest.closeBrowser(LoginPageTest.java:53)
at tests.LoginPageTest.closeBrowser(LoginPageTest.java:53)
at tests.LoginPageTest.closeBrowser(LoginPageTest.java:53)
at tests.LoginPageTest.closeBrowser(LoginPageTest.java:53)
at tests.LoginPageTest.closeBrowser(LoginPageTest.java:53)
at tests.LoginPageTest.closeBrowser(LoginPageTest.java:53)
at tests.LoginPageTest.closeBrowser(LoginPageTest.java:53)
at tests.LoginPageTest.closeBrowser(LoginPageTest.java:53)
at tests.LoginPageTest.closeBrowser(LoginPageTest.java:53)
at tests.LoginPageTest.closeBrowser(LoginPageTest.java:53)
at tests.LoginPageTest.closeBrowser(LoginPageTest.java:53)
at tests.LoginPageTest.closeBrowser(LoginPageTest.java:53)
at tests.LoginPageTest.closeBrowser(LoginPageTest.java:53)
at tests.LoginPageTest.closeBrowser(LoginPageTest.java:53)
at tests.LoginPageTest.closeBrowser(LoginPageTest.java:53)
at tests.LoginPageTest.closeBrowser(LoginPageTest.java:53)
at tests.LoginPageTest.closeBrowser(LoginPageTest.java:53)
at tests.LoginPageTest.closeBrowser(LoginPageTest.java:53)
at tests.LoginPageTest.closeBrowser(LoginPageTest.java:53)
at tests.LoginPageTest.closeBrowser(LoginPageTest.java:53)
at tests.LoginPageTest.closeBrowser(LoginPageTest.java:53)
at tests.LoginPageTest.closeBrowser(LoginPageTest.java:53)
at tests.LoginPageTest.closeBrowser(LoginPageTest.java:53)
at tests.LoginPageTest.closeBrowser(LoginPageTest.java:53)
at tests.LoginPageTest.closeBrowser(LoginPageTest.java:53)
at tests.LoginPageTest.closeBrowser(LoginPageTest.java:53)
at tests.LoginPageTest.closeBrowser(LoginPageTest.java:53)
at tests.LoginPageTest.closeBrowser(LoginPageTest.java:53)
at tests.LoginPageTest.closeBrowser(LoginPageTest.java:53)
at tests.LoginPageTest.closeBrowser(LoginPageTest.java:53)
at tests.LoginPageTest.closeBrowser(LoginPageTest.java:53)
at tests.LoginPageTest.closeBrowser(LoginPageTest.java:53)
at tests.LoginPageTest.closeBrowser(LoginPageTest.java:53)
at tests.LoginPageTest.closeBrowser(LoginPageTest.java:53)
at tests.LoginPageTest.closeBrowser(LoginPageTest.java:53)
at tests.LoginPageTest.closeBrowser(LoginPageTest.java:53)
at tests.LoginPageTest.closeBrowser(LoginPageTest.java:53)
at tests.LoginPageTest.closeBrowser(LoginPageTest.java:53)
at tests.LoginPageTest.closeBrowser(LoginPageTest.java:53)
at tests.LoginPageTest.closeBrowser(LoginPageTest.java:53)
at tests.LoginPageTest.closeBrowser(LoginPageTest.java:53)
at tests.LoginPageTest.closeBrowser(LoginPageTest.java:53)
at tests.LoginPageTest.closeBrowser(LoginPageTest.java:53)
at tests.LoginPageTest.closeBrowser(LoginPageTest.java:53)
at tests.LoginPageTest.closeBrowser(LoginPageTest.java:53)
at tests.LoginPageTest.closeBrowser(LoginPageTest.java:53)
at tests.LoginPageTest.closeBrowser(LoginPageTest.java:53)
at tests.LoginPageTest.closeBrowser(LoginPageTest.java:53)
at tests.LoginPageTest.closeBrowser(LoginPageTest.java:53)
at tests.LoginPageTest.closeBrowser(LoginPageTest.java:53)
at tests.LoginPageTest.closeBrowser(LoginPageTest.java:53)
at tests.LoginPageTest.closeBrowser(LoginPageTest.java:53)
at tests.LoginPageTest.closeBrowser(LoginPageTest.java:53)
at tests.LoginPageTest.closeBrowser(LoginPageTest.java:53)
at tests.LoginPageTest.closeBrowser(LoginPageTest.java:53)
at tests.LoginPageTest.closeBrowser(LoginPageTest.java:53)
at tests.LoginPageTest.closeBrowser(LoginPageTest.java:53)
at tests.LoginPageTest.closeBrowser(LoginPageTest.java:53)
at tests.LoginPageTest.closeBrowser(LoginPageTest.java:53)
at tests.LoginPageTest.closeBrowser(LoginPageTest.java:53)
at tests.LoginPageTest.closeBrowser(LoginPageTest.java:53)
at tests.LoginPageTest.closeBrowser(LoginPageTest.java:53)
at tests.LoginPageTest.closeBrowser(LoginPageTest.java:53)
at tests.LoginPageTest.closeBrowser(LoginPageTest.java:53)
at tests.LoginPageTest.closeBrowser(LoginPageTest.java:53)
at tests.LoginPageTest.closeBrowser(LoginPageTest.java:53)
at tests.LoginPageTest.closeBrowser(LoginPageTest.java:53)
at tests.LoginPageTest.closeBrowser(LoginPageTest.java:53)
at tests.LoginPageTest.closeBrowser(LoginPageTest.java:53)
at tests.LoginPageTest.closeBrowser(LoginPageTest.java:53)
at tests.LoginPageTest.closeBrowser(LoginPageTest.java:53)
at tests.LoginPageTest.closeBrowser(LoginPageTest.java:53)
at tests.LoginPageTest.closeBrowser(LoginPageTest.java:53)
at tests.LoginPageTest.closeBrowser(LoginPageTest.java:53)
at tests.LoginPageTest.closeBrowser(LoginPageTest.java:53)
at tests.LoginPageTest.closeBrowser(LoginPageTest.java:53)
at tests.LoginPageTest.closeBrowser(LoginPageTest.java:53)
at tests.LoginPageTest.closeBrowser(LoginPageTest.java:53)
at tests.LoginPageTest.closeBrowser(LoginPageTest.java:53)
at tests.LoginPageTest.closeBrowser(LoginPageTest.java:53)
at tests.LoginPageTest.closeBrowser(LoginPageTest.java:53)
at tests.LoginPageTest.closeBrowser(LoginPageTest.java:53)
at tests.LoginPageTest.closeBrowser(LoginPageTest.java:53)
at tests.LoginPageTest.closeBrowser(LoginPageTest.java:53)
at tests.LoginPageTest.closeBrowser(LoginPageTest.java:53)
at tests.LoginPageTest.closeBrowser(LoginPageTest.java:53)
at tests.LoginPageTest.closeBrowser(LoginPageTest.java:53)
at tests.LoginPageTest.closeBrowser(LoginPageTest.java:53)
at tests.LoginPageTest.closeBrowser(LoginPageTest.java:53)
at tests.LoginPageTest.closeBrowser(LoginPageTest.java:53)
at tests.LoginPageTest.closeBrowser(LoginPageTest.java:53)
at tests.LoginPageTest.closeBrowser(LoginPageTest.java:53)
at tests.LoginPageTest.closeBrowser(LoginPageTest.java:53)
at tests.LoginPageTest.closeBrowser(LoginPageTest.java:53)
at tests.LoginPageTest.closeBrowser(LoginPageTest.java:53)
at tests.LoginPageTest.closeBrowser(LoginPageTest.java:53)
at tests.LoginPageTest.closeBrowser(LoginPageTest.java:53)
at tests.LoginPageTest.closeBrowser(LoginPageTest.java:53)
at tests.LoginPageTest.closeBrowser(LoginPageTest.java:53)
at tests.LoginPageTest.closeBrowser(LoginPageTest.java:53)
at tests.LoginPageTest.closeBrowser(LoginPageTest.java:53)
at tests.LoginPageTest.closeBrowser(LoginPageTest.java:53)
at tests.LoginPageTest.closeBrowser(LoginPageTest.java:53)
at tests.LoginPageTest.closeBrowser(LoginPageTest.java:53)
at tests.LoginPageTest.closeBrowser(LoginPageTest.java:53)
at tests.LoginPageTest.closeBrowser(LoginPageTest.java:53)
at tests.LoginPageTest.closeBrowser(LoginPageTest.java:53)
at tests.LoginPageTest.closeBrowser(LoginPageTest.java:53)
at tests.LoginPageTest.closeBrowser(LoginPageTest.java:53)
at tests.LoginPageTest.closeBrowser(LoginPageTest.java:53)
at tests.LoginPageTest.closeBrowser(LoginPageTest.java:53)
at tests.LoginPageTest.closeBrowser(LoginPageTest.java:53)
at tests.LoginPageTest.closeBrowser(LoginPageTest.java:53)
at tests.LoginPageTest.closeBrowser(LoginPageTest.java:53)
at tests.LoginPageTest.closeBrowser(LoginPageTest.java:53)
at tests.LoginPageTest.closeBrowser(LoginPageTest.java:53)
at tests.LoginPageTest.closeBrowser(LoginPageTest.java:53)
at tests.LoginPageTest.closeBrowser(LoginPageTest.java:53)
at tests.LoginPageTest.closeBrowser(LoginPageTest.java:53)
at tests.LoginPageTest.closeBrowser(LoginPageTest.java:53)
at tests.LoginPageTest.closeBrowser(LoginPageTest.java:53)
at tests.LoginPageTest.closeBrowser(LoginPageTest.java:53)
at tests.LoginPageTest.closeBrowser(LoginPageTest.java:53)
at tests.LoginPageTest.closeBrowser(LoginPageTest.java:53)
at tests.LoginPageTest.closeBrowser(LoginPageTest.java:53)
at tests.LoginPageTest.closeBrowser(LoginPageTest.java:53)
at tests.LoginPageTest.closeBrowser(LoginPageTest.java:53)
at tests.LoginPageTest.closeBrowser(LoginPageTest.java:53)
at tests.LoginPageTest.closeBrowser(LoginPageTest.java:53)
at tests.LoginPageTest.closeBrowser(LoginPageTest.java:53)
at tests.LoginPageTest.closeBrowser(LoginPageTest.java:53)
at tests.LoginPageTest.closeBrowser(LoginPageTest.java:53)
at tests.LoginPageTest.closeBrowser(LoginPageTest.java:53)
at tests.LoginPageTest.closeBrowser(LoginPageTest.java:53)
at tests.LoginPageTest.closeBrowser(LoginPageTest.java:53)
at tests.LoginPageTest.closeBrowser(LoginPageTest.java:53)
at tests.LoginPageTest.closeBrowser(LoginPageTest.java:53)
at tests.LoginPageTest.closeBrowser(LoginPageTest.java:53)
at tests.LoginPageTest.closeBrowser(LoginPageTest.java:53)
at tests.LoginPageTest.closeBrowser(LoginPageTest.java:53)
at tests.LoginPageTest.closeBrowser(LoginPageTest.java:53)
at tests.LoginPageTest.closeBrowser(LoginPageTest.java:53)
at tests.LoginPageTest.closeBrowser(LoginPageTest.java:53)
at tests.LoginPageTest.closeBrowser(LoginPageTest.java:53)
at tests.LoginPageTest.closeBrowser(LoginPageTest.java:53)
at tests.LoginPageTest.closeBrowser(LoginPageTest.java:53)
at tests.LoginPageTest.closeBrowser(LoginPageTest.java:53)
at tests.LoginPageTest.closeBrowser(LoginPageTest.java:53)
at tests.LoginPageTest.closeBrowser(LoginPageTest.java:53)
at tests.LoginPageTest.closeBrowser(LoginPageTest.java:53)
at tests.LoginPageTest.closeBrowser(LoginPageTest.java:53)
at tests.LoginPageTest.closeBrowser(LoginPageTest.java:53)
at tests.LoginPageTest.closeBrowser(LoginPageTest.java:53)
at tests.LoginPageTest.closeBrowser(LoginPageTest.java:53)
at tests.LoginPageTest.closeBrowser(LoginPageTest.java:53)
at tests.LoginPageTest.closeBrowser(LoginPageTest.java:53)
at tests.LoginPageTest.closeBrowser(LoginPageTest.java:53)
at tests.LoginPageTest.closeBrowser(LoginPageTest.java:53)
at tests.LoginPageTest.closeBrowser(LoginPageTest.java:53)
at tests.LoginPageTest.closeBrowser(LoginPageTest.java:53)
at tests.LoginPageTest.closeBrowser(LoginPageTest.java:53)
at tests.LoginPageTest.closeBrowser(LoginPageTest.java:53)
at tests.LoginPageTest.closeBrowser(LoginPageTest.java:53)
at tests.LoginPageTest.closeBrowser(LoginPageTest.java:53)
at tests.LoginPageTest.closeBrowser(LoginPageTest.java:53)
at tests.LoginPageTest.closeBrowser(LoginPageTest.java:53)
at tests.LoginPageTest.closeBrowser(LoginPageTest.java:53)
at tests.LoginPageTest.closeBrowser(LoginPageTest.java:53)
at tests.LoginPageTest.closeBrowser(LoginPageTest.java:53)
at tests.LoginPageTest.closeBrowser(LoginPageTest.java:53)
at tests.LoginPageTest.closeBrowser(LoginPageTest.java:53)
at tests.LoginPageTest.closeBrowser(LoginPageTest.java:53)
]]>
    </failure>
  </testcase> <!-- @AfterTest closeBrowser -->
  <testcase classname="tests.LoginPageTest" name="loginTest" time="15.434">
    <failure type="org.openqa.selenium.NoSuchElementException" message="no such element: Unable to locate element: {&amp;quot;method&amp;quot;:&amp;quot;xpath&amp;quot;,&amp;quot;selector&amp;quot;:&amp;quot;//input[@class=&amp;apos;button-1 login-button&amp;apos;]&amp;quot;}
  (Session info: chrome=134.0.6998.89)
For documentation on this error, please visit: https://www.selenium.dev/documentation/webdriver/troubleshooting/errors#no-such-element-exception
Build info: version: &amp;apos;4.29.0&amp;apos;, revision: &amp;apos;5fc1ec94cb&amp;apos;
System info: os.name: &amp;apos;Windows 11&amp;apos;, os.arch: &amp;apos;amd64&amp;apos;, os.version: &amp;apos;10.0&amp;apos;, java.version: &amp;apos;23.0.2&amp;apos;
Driver info: org.openqa.selenium.chrome.ChromeDriver
Command: [e16c24eebb15e9ae7c87208d0c8c2a02, findElement {using=xpath, value=//input[@class=&amp;apos;button-1 login-button&amp;apos;]}]
Capabilities {acceptInsecureCerts: false, browserName: chrome, browserVersion: 134.0.6998.89, chrome: {chromedriverVersion: 134.0.6998.90 (219ee74681fc..., userDataDir: C:\Users\Aakash\AppData\Loc...}, fedcm:accounts: true, goog:chromeOptions: {debuggerAddress: localhost:50345}, networkConnectionEnabled: false, pageLoadStrategy: normal, platformName: windows, proxy: Proxy(), se:cdp: ws://localhost:50345/devtoo..., se:cdpVersion: 134.0.6998.89, setWindowRect: true, strictFileInteractability: false, timeouts: {implicit: 0, pageLoad: 300000, script: 30000}, unhandledPromptBehavior: dismiss and notify, webauthn:extension:credBlob: true, webauthn:extension:largeBlob: true, webauthn:extension:minPinLength: true, webauthn:extension:prf: true, webauthn:virtualAuthenticators: true}
Session ID: e16c24eebb15e9ae7c87208d0c8c2a02">
      <![CDATA[org.openqa.selenium.NoSuchElementException: no such element: Unable to locate element: {"method":"xpath","selector":"//input[@class='button-1 login-button']"}
  (Session info: chrome=134.0.6998.89)
For documentation on this error, please visit: https://www.selenium.dev/documentation/webdriver/troubleshooting/errors#no-such-element-exception
Build info: version: '4.29.0', revision: '5fc1ec94cb'
System info: os.name: 'Windows 11', os.arch: 'amd64', os.version: '10.0', java.version: '23.0.2'
Driver info: org.openqa.selenium.chrome.ChromeDriver
Command: [e16c24eebb15e9ae7c87208d0c8c2a02, findElement {using=xpath, value=//input[@class='button-1 login-button']}]
Capabilities {acceptInsecureCerts: false, browserName: chrome, browserVersion: 134.0.6998.89, chrome: {chromedriverVersion: 134.0.6998.90 (219ee74681fc..., userDataDir: C:\Users\Aakash\AppData\Loc...}, fedcm:accounts: true, goog:chromeOptions: {debuggerAddress: localhost:50345}, networkConnectionEnabled: false, pageLoadStrategy: normal, platformName: windows, proxy: Proxy(), se:cdp: ws://localhost:50345/devtoo..., se:cdpVersion: 134.0.6998.89, setWindowRect: true, strictFileInteractability: false, timeouts: {implicit: 0, pageLoad: 300000, script: 30000}, unhandledPromptBehavior: dismiss and notify, webauthn:extension:credBlob: true, webauthn:extension:largeBlob: true, webauthn:extension:minPinLength: true, webauthn:extension:prf: true, webauthn:virtualAuthenticators: true}
Session ID: e16c24eebb15e9ae7c87208d0c8c2a02
at org.openqa.selenium.remote.ErrorCodec.decode(ErrorCodec.java:167)
at org.openqa.selenium.remote.codec.w3c.W3CHttpResponseCodec.decode(W3CHttpResponseCodec.java:138)
at org.openqa.selenium.remote.codec.w3c.W3CHttpResponseCodec.decode(W3CHttpResponseCodec.java:50)
at org.openqa.selenium.remote.HttpCommandExecutor.execute(HttpCommandExecutor.java:215)
at org.openqa.selenium.remote.service.DriverCommandExecutor.invokeExecute(DriverCommandExecutor.java:216)
at org.openqa.selenium.remote.service.DriverCommandExecutor.execute(DriverCommandExecutor.java:174)
at org.openqa.selenium.remote.RemoteWebDriver.execute(RemoteWebDriver.java:545)
at org.openqa.selenium.remote.ElementLocation$ElementFinder$2.findElement(ElementLocation.java:165)
at org.openqa.selenium.remote.ElementLocation.findElement(ElementLocation.java:59)
at org.openqa.selenium.remote.RemoteWebDriver.findElement(RemoteWebDriver.java:368)
at org.openqa.selenium.remote.RemoteWebDriver.findElement(RemoteWebDriver.java:362)
at org.openqa.selenium.support.pagefactory.DefaultElementLocator.findElement(DefaultElementLocator.java:68)
at org.openqa.selenium.support.pagefactory.internal.LocatingElementHandler.invoke(LocatingElementHandler.java:38)
at jdk.proxy2/jdk.proxy2.$Proxy14.click(Unknown Source)
at pages.LoginPageWithPF.clickOnLoginBtn(LoginPageWithPF.java:43)
at tests.LoginPageTest.loginTest(LoginPageTest.java:41)
at java.base/java.util.ArrayList.forEach(ArrayList.java:1597)
... Removed 28 stack frames]]>
    </failure>
  </testcase> <!-- loginTest -->
</testsuite> <!-- LoginTest -->
